2020-11-06 20:21:52	INFO	listobs::::	
2020-11-06 20:21:52	INFO	listobs::::+	##########################################
2020-11-06 20:21:52	INFO	listobs::::+	##### Begin Task: listobs            #####
2020-11-06 20:21:52	INFO	listobs::::	listobs(vis="/home/jupyter/data/ec067c.ms",selectdata=True,spw="",field="",antenna="",
2020-11-06 20:21:52	INFO	listobs::::+	        uvrange="",timerange="",correlation="",scan="",intent="",
2020-11-06 20:21:52	INFO	listobs::::+	        feed="",array="",observation="",verbose=True,listfile="/home/jupyter/data/ec067c.listobs",
2020-11-06 20:21:52	INFO	listobs::::+	        listunfl=False,cachesize=50,overwrite=True)
2020-11-06 20:21:54	INFO	listobs::ms::summary	Writing output to file: /home/jupyter/data/ec067c.listobs
2020-11-06 20:21:54	INFO	listobs::MSMetaData::_computeScanAndSubScanProperties 	Computing scan and subscan properties...
2020-11-06 20:21:56	INFO	listobs::::	##### End Task: listobs              #####
2020-11-06 20:21:56	INFO	listobs::::+	##########################################
2020-11-06 20:21:57	INFO	plotants::::	
2020-11-06 20:21:57	INFO	plotants::::+	##########################################
2020-11-06 20:21:57	INFO	plotants::::+	##### Begin Task: plotants           #####
2020-11-06 20:21:57	INFO	plotants::::	plotants(vis="/home/jupyter/data/ec067c.ms",figfile="",antindex=False,logpos=False,exclude="",
2020-11-06 20:21:57	INFO	plotants::::+	        checkbaselines=False,title="",showgui=True)
2020-11-06 20:21:58	INFO	msmetadata_cmpt.cc::open	Performing internal consistency checks on /home/jupyter/data/ec067c.ms...
2020-11-06 20:21:58	INFO	plotants::::	Number of points being plotted: 15
2020-11-06 20:21:58	INFO	plotants::::	##### End Task: plotants             #####
2020-11-06 20:21:58	INFO	plotants::::+	##########################################
2020-11-06 20:22:01	INFO	plotms::::	
2020-11-06 20:22:01	INFO	plotms::::+	##########################################
2020-11-06 20:22:01	INFO	plotms::::+	##### Begin Task: plotms             #####
2020-11-06 20:22:01	INFO	plotms::::	plotms(vis="/home/jupyter/data/ec067c.ms",gridrows=1,gridcols=1,rowindex=0,colindex=0,
2020-11-06 20:22:01	INFO	plotms::::+	        plotindex=0,xaxis="frequency",xdatacolumn="",xframe="",xinterp="",
2020-11-06 20:22:01	INFO	plotms::::+	        yaxis="phase",ydatacolumn="",yframe="",yinterp="",yaxislocation="",
2020-11-06 20:22:01	INFO	plotms::::+	        selectdata=True,field="",spw="",timerange="",uvrange="",
2020-11-06 20:22:01	INFO	plotms::::+	        antenna="EF",scan="27",correlation="ll",array="",observation="",
2020-11-06 20:22:01	INFO	plotms::::+	        intent="",feed="",msselect="",averagedata=True,avgchannel="",
2020-11-06 20:22:01	INFO	plotms::::+	        avgtime="20",avgscan=False,avgfield=False,avgbaseline=False,avgantenna=False,
2020-11-06 20:22:01	INFO	plotms::::+	        avgspw=False,scalar=False,transform=True,freqframe="",restfreq="",
2020-11-06 20:22:01	INFO	plotms::::+	        veldef="RADIO",shift=[0.0, 0.0],extendflag=False,extcorr=False,extchannel=False,
2020-11-06 20:22:01	INFO	plotms::::+	        iteraxis="",xselfscale=False,yselfscale=False,xsharedaxis=False,ysharedaxis=False,
2020-11-06 20:22:01	INFO	plotms::::+	        customsymbol=False,symbolshape="autoscaling",symbolsize=2,symbolcolor="0000ff",symbolfill="fill",
2020-11-06 20:22:01	INFO	plotms::::+	        symboloutline=False,coloraxis="baseline",customflaggedsymbol=False,flaggedsymbolshape="circle",flaggedsymbolsize=2,
2020-11-06 20:22:01	INFO	plotms::::+	        flaggedsymbolcolor="ff0000",flaggedsymbolfill="fill",flaggedsymboloutline=False,xconnector="",timeconnector=False,
2020-11-06 20:22:01	INFO	plotms::::+	        plotrange=[],title="",titlefont=0,xlabel="",xaxisfont=0,
2020-11-06 20:22:01	INFO	plotms::::+	        ylabel="",yaxisfont=0,showmajorgrid=False,majorwidth=1,majorstyle="",
2020-11-06 20:22:01	INFO	plotms::::+	        majorcolor="B0B0B0",showminorgrid=False,minorwidth=1,minorstyle="",minorcolor="D0D0D0",
2020-11-06 20:22:01	INFO	plotms::::+	        showlegend=False,legendposition="",plotfile="plotms_temp.png",expformat="",verbose=True,
2020-11-06 20:22:01	INFO	plotms::::+	        exprange="",highres=False,dpi=-1,width=-1,height=-1,
2020-11-06 20:22:01	INFO	plotms::::+	        overwrite=True,showgui=False,clearplots=True,callib=[''],headeritems="",
2020-11-06 20:22:01	INFO	plotms::::+	        showatm=False,showtsky=False,showimage=False)
2020-11-06 20:22:04	INFO	PlotMS::params_changed	Updating: REDRAW, MSDATA, CACHE, AXES, CANVAS, DISPLAY, PAGEHEADER, ITERATION, LOG, PLOTMS_OPTIONS.
2020-11-06 20:22:04	INFO	PlotMS::load_cache	Clearing the existing plotms cache.
2020-11-06 20:22:05	INFO	PlotMS::params_changed	Updating: REDRAW, MSDATA, CACHE, AXES, CANVAS, DISPLAY, PAGEHEADER, ITERATION, LOG, PLOTMS_OPTIONS.
2020-11-06 20:22:05	INFO	PlotMS::load_cache	Clearing the existing plotms cache.
2020-11-06 20:22:05	INFO	PlotMS::load_cache	START     Current memory usage: 2282.34 kilobytes.
2020-11-06 20:22:05	INFO	PlotMS::load_cache	Plotting table ec067c.ms
2020-11-06 20:22:05	INFO	PlotMS::load_cache	  Selection: antenna: EF, scan: 27, corr: ll
2020-11-06 20:22:05	INFO	PlotMS::load_cache	Data Averaging: 
2020-11-06 20:22:05	INFO	PlotMS::load_cache+	 Using VECTOR averaging.
2020-11-06 20:22:05	INFO	PlotMS::load_cache+	 Time: 20 seconds.  Scan: false;  Field: false
2020-11-06 20:22:05	INFO	PlotMS::load_cache	Caching for the new plot: Phase(18):data vs. Frequency(6)...
2020-11-06 20:22:13	INFO	PlotMS::load_cache	Loading page header cache
2020-11-06 20:22:36	INFO	PlotMS::load_cache	Data selection will yield a total of 39936 plottable points (flagged and unflagged).
2020-11-06 20:22:36	INFO	PlotMS::load_cache+	The plotms cache will require an estimated 0.000294528 GB of memory (7.375 bytes/point).
2020-11-06 20:22:36	INFO	PlotMS::load_cache+	This is 0.0144688% of the memory avail. to CASA (2.0356 GB).
2020-11-06 20:22:38	INFO	PlotMS::load_cache	Loading chunks......
2020-11-06 20:22:43	SEVERE	plotms::::	There was a problem updating the plot.
2020-11-06 20:22:43	INFO	plotms::::	##### End Task: plotms               #####
2020-11-06 20:22:43	INFO	plotms::::+	##########################################
2020-11-06 20:24:01	INFO	plotms::::	
2020-11-06 20:24:01	INFO	plotms::::+	##########################################
2020-11-06 20:24:01	INFO	plotms::::+	##### Begin Task: plotms             #####
2020-11-06 20:24:01	INFO	plotms::::	plotms(vis="/home/jupyter/data/ec067c.ms",gridrows=1,gridcols=1,rowindex=0,colindex=0,
2020-11-06 20:24:01	INFO	plotms::::+	        plotindex=0,xaxis="frequency",xdatacolumn="",xframe="",xinterp="",
2020-11-06 20:24:01	INFO	plotms::::+	        yaxis="phase",ydatacolumn="",yframe="",yinterp="",yaxislocation="",
2020-11-06 20:24:01	INFO	plotms::::+	        selectdata=True,field="",spw="",timerange="",uvrange="",
2020-11-06 20:24:01	INFO	plotms::::+	        antenna="EF",scan="27",correlation="ll",array="",observation="",
2020-11-06 20:24:01	INFO	plotms::::+	        intent="",feed="",msselect="",averagedata=True,avgchannel="",
2020-11-06 20:24:01	INFO	plotms::::+	        avgtime="20",avgscan=False,avgfield=False,avgbaseline=False,avgantenna=False,
2020-11-06 20:24:01	INFO	plotms::::+	        avgspw=False,scalar=False,transform=True,freqframe="",restfreq="",
2020-11-06 20:24:01	INFO	plotms::::+	        veldef="RADIO",shift=[0.0, 0.0],extendflag=False,extcorr=False,extchannel=False,
2020-11-06 20:24:01	INFO	plotms::::+	        iteraxis="",xselfscale=False,yselfscale=False,xsharedaxis=False,ysharedaxis=False,
2020-11-06 20:24:01	INFO	plotms::::+	        customsymbol=False,symbolshape="autoscaling",symbolsize=2,symbolcolor="0000ff",symbolfill="fill",
2020-11-06 20:24:01	INFO	plotms::::+	        symboloutline=False,coloraxis="baseline",customflaggedsymbol=False,flaggedsymbolshape="circle",flaggedsymbolsize=2,
2020-11-06 20:24:01	INFO	plotms::::+	        flaggedsymbolcolor="ff0000",flaggedsymbolfill="fill",flaggedsymboloutline=False,xconnector="",timeconnector=False,
2020-11-06 20:24:01	INFO	plotms::::+	        plotrange=[],title="",titlefont=0,xlabel="",xaxisfont=0,
2020-11-06 20:24:01	INFO	plotms::::+	        ylabel="",yaxisfont=0,showmajorgrid=False,majorwidth=1,majorstyle="",
2020-11-06 20:24:01	INFO	plotms::::+	        majorcolor="B0B0B0",showminorgrid=False,minorwidth=1,minorstyle="",minorcolor="D0D0D0",
2020-11-06 20:24:01	INFO	plotms::::+	        showlegend=False,legendposition="",plotfile="plotms_temp.png",expformat="",verbose=True,
2020-11-06 20:24:01	INFO	plotms::::+	        exprange="",highres=False,dpi=-1,width=-1,height=-1,
2020-11-06 20:24:01	INFO	plotms::::+	        overwrite=True,showgui=False,clearplots=True,callib=[''],headeritems="",
2020-11-06 20:24:01	INFO	plotms::::+	        showatm=False,showtsky=False,showimage=False)
2020-11-06 20:24:03	INFO	PlotMS::params_changed	Updating: REDRAW, MSDATA, CACHE, AXES, CANVAS, DISPLAY, PAGEHEADER, ITERATION, LOG, PLOTMS_OPTIONS.
2020-11-06 20:24:03	INFO	PlotMS::load_cache	Clearing the existing plotms cache.
2020-11-06 20:24:03	INFO	PlotMS::params_changed	Updating: REDRAW, MSDATA, CACHE, AXES, CANVAS, DISPLAY, PAGEHEADER, ITERATION, LOG, PLOTMS_OPTIONS.
2020-11-06 20:24:03	INFO	PlotMS::load_cache	Clearing the existing plotms cache.
2020-11-06 20:24:03	INFO	PlotMS::load_cache	START     Current memory usage: 2280.5 kilobytes.
2020-11-06 20:24:03	INFO	PlotMS::load_cache	Plotting table ec067c.ms
2020-11-06 20:24:03	INFO	PlotMS::load_cache	  Selection: antenna: EF, scan: 27, corr: ll
2020-11-06 20:24:03	INFO	PlotMS::load_cache	Data Averaging: 
2020-11-06 20:24:03	INFO	PlotMS::load_cache+	 Using VECTOR averaging.
2020-11-06 20:24:03	INFO	PlotMS::load_cache+	 Time: 20 seconds.  Scan: false;  Field: false
2020-11-06 20:24:03	INFO	PlotMS::load_cache	Caching for the new plot: Phase(18):data vs. Frequency(6)...
2020-11-06 20:24:11	INFO	PlotMS::load_cache	Loading page header cache
2020-11-06 20:24:39	INFO	PlotMS::load_cache	Data selection will yield a total of 39936 plottable points (flagged and unflagged).
2020-11-06 20:24:39	INFO	PlotMS::load_cache+	The plotms cache will require an estimated 0.000294528 GB of memory (7.375 bytes/point).
2020-11-06 20:24:39	INFO	PlotMS::load_cache+	This is 0.0144688% of the memory avail. to CASA (2.0356 GB).
2020-11-06 20:24:40	INFO	PlotMS::load_cache	Loading chunks......
2020-11-06 20:24:43	SEVERE	plotms::::	There was a problem updating the plot.
2020-11-06 20:24:43	SEVERE	plotms::::	plotms has stopped running. Check logs for error and run again.
2020-11-06 20:24:43	INFO	plotms::::	##### End Task: plotms               #####
2020-11-06 20:24:43	INFO	plotms::::+	##########################################
